This is pdfTeX, Version 3.14159265-2.6-1.40.16 (TeX Live 2015/Debian) (preloaded format=pdflatex 2018.10.30)  30 OCT 2018 23:02
entering extended mode
 restricted \write18 enabled.
 %&-line parsing enabled.
**question_1_wrap.tex
(./question_1_wrap.tex
LaTeX2e <2016/02/01>
Babel <3.9q> and hyphenation patterns for 81 language(s) loaded.
(/usr/share/texlive/texmf-dist/tex/latex/base/article.cls
Document Class: article 2014/09/29 v1.4h Standard LaTeX document class
(/usr/share/texlive/texmf-dist/tex/latex/base/size10.clo
File: size10.clo 2014/09/29 v1.4h Standard LaTeX file (size option)
)
\c@part=\count79
\c@section=\count80
\c@subsection=\count81
\c@subsubsection=\count82
\c@paragraph=\count83
\c@subparagraph=\count84
\c@figure=\count85
\c@table=\count86
\abovecaptionskip=\skip41
\belowcaptionskip=\skip42
\bibindent=\dimen102
) (../preamble.tex)
(/usr/share/texlive/texmf-dist/tex/latex/amsfonts/amssymb.sty
Package: amssymb 2013/01/14 v3.01 AMS font symbols

(/usr/share/texlive/texmf-dist/tex/latex/amsfonts/amsfonts.sty
Package: amsfonts 2013/01/14 v3.01 Basic AMSFonts support
\@emptytoks=\toks14
\symAMSa=\mathgroup4
\symAMSb=\mathgroup5
LaTeX Font Info:    Overwriting math alphabet `\mathfrak' in version `bold'
(Font)                  U/euf/m/n --> U/euf/b/n on input line 106.
))
(./question_1_wrap.aux)
\openout1 = `question_1_wrap.aux'.

LaTeX Font Info:    Checking defaults for OML/cmm/m/it on input line 3.
LaTeX Font Info:    ... okay on input line 3.
LaTeX Font Info:    Checking defaults for T1/cmr/m/n on input line 3.
LaTeX Font Info:    ... okay on input line 3.
LaTeX Font Info:    Checking defaults for OT1/cmr/m/n on input line 3.
LaTeX Font Info:    ... okay on input line 3.
LaTeX Font Info:    Checking defaults for OMS/cmsy/m/n on input line 3.
LaTeX Font Info:    ... okay on input line 3.
LaTeX Font Info:    Checking defaults for OMX/cmex/m/n on input line 3.
LaTeX Font Info:    ... okay on input line 3.
LaTeX Font Info:    Checking defaults for U/cmr/m/n on input line 3.
LaTeX Font Info:    ... okay on input line 3.
 (./question_1.tex
LaTeX Font Info:    Try loading font information for U+msa on input line 3.

(/usr/share/texlive/texmf-dist/tex/latex/amsfonts/umsa.fd
File: umsa.fd 2013/01/14 v3.01 AMS symbols A
)
LaTeX Font Info:    Try loading font information for U+msb on input line 3.

(/usr/share/texlive/texmf-dist/tex/latex/amsfonts/umsb.fd
File: umsb.fd 2013/01/14 v3.01 AMS symbols B
)
Overfull \hbox (18.2481pt too wide) detected at line 17
[][] \OT1/cmr/m/n/10 = [] \OMS/cmsy/m/n/10 ! \OML/cmm/m/it/10 V[]\OT1/cmr/m/n/1
0 (\OML/cmm/m/it/10 s\OT1/cmr/m/n/10 ) = [][]  = [][][]  = [][[]]\OMS/cmsy/m/n/
10 j[]
 []


Overfull \hbox (93.15706pt too wide) detected at line 26
[]\OML/cmm/m/it/10 V[]\OT1/cmr/m/n/10 (\OML/cmm/m/it/10 t\OT1/cmr/m/n/10 ) = []
\OML/cmm/m/it/10 e[]\OMS/cmsy/m/n/10 L[]f[]g[]  \OT1/cmr/m/n/10 = []\OML/cmm/m/
it/10 e[] [][] \OMS/cmsy/m/n/10 L[]f\OML/cmm/m/it/10 V[]\OT1/cmr/m/n/10 (\OML/c
mm/m/it/10 s \OMS/cmsy/m/n/10 ^^@ []\OT1/cmr/m/n/10 )\OMS/cmsy/m/n/10 g\OML/cmm
/m/it/10 dt[][]  \OT1/cmr/m/n/10 = []\OML/cmm/m/it/10 e[] [][] e[]V[]\OT1/cmr/m
/n/10 (\OML/cmm/m/it/10 t[]\OT1/cmr/m/n/10 )\OML/cmm/m/it/10 dt[]
 []


Overfull \hbox (217.37724pt too wide) detected at line 56
[]\OML/cmm/m/it/10 V[]\OT1/cmr/m/n/10 (\OML/cmm/m/it/10 t\OT1/cmr/m/n/10 ) = []
\OML/cmm/m/it/10 e[] [][] e[]V[]\OT1/cmr/m/n/10 1(\OML/cmm/m/it/10 t[]\OT1/cmr/
m/n/10 )\OML/cmm/m/it/10 dt[] \OT1/cmr/m/n/10 = []\OML/cmm/m/it/10 e[] [][] e[]
V[]dt[] \OT1/cmr/m/n/10 = []\OML/cmm/m/it/10 e[]V[] [][] e[]dt[] \OT1/cmr/m/n/1
0 = []\OML/cmm/m/it/10 e[]V[][]\OT1/cmr/m/n/10 (\OML/cmm/m/it/10 e[] \OMS/cmsy/
m/n/10 ^^@ \OT1/cmr/m/n/10 1) = []\OML/cmm/m/it/10 V[]\OT1/cmr/m/n/10 (1 \OMS/c
msy/m/n/10 ^^@ \OML/cmm/m/it/10 e[]\OT1/cmr/m/n/10 )
 []

) [1

{/var/lib/texmf/fonts/map/pdftex/updmap/pdftex.map}] (./question_1_wrap.aux) ) 
Here is how much of TeX's memory you used:
 515 strings out of 493029
 5748 string characters out of 6136233
 62682 words of memory out of 5000000
 4109 multiletter control sequences out of 15000+600000
 5339 words of font info for 22 fonts, out of 8000000 for 9000
 1141 hyphenation exceptions out of 8191
 25i,4n,26p,185b,107s stack positions out of 5000i,500n,10000p,200000b,80000s
<
/usr/share/texlive/texmf-dist/fonts/type1/public/amsfonts/cm/cmex10.pfb></usr/s
hare/texlive/texmf-dist/fonts/type1/public/amsfonts/cm/cmmi10.pfb></usr/share/t
exlive/texmf-dist/fonts/type1/public/amsfonts/cm/cmmi5.pfb></usr/share/texlive/
texmf-dist/fonts/type1/public/amsfonts/cm/cmmi7.pfb></usr/share/texlive/texmf-d
ist/fonts/type1/public/amsfonts/cm/cmr10.pfb></usr/share/texlive/texmf-dist/fon
ts/type1/public/amsfonts/cm/cmr5.pfb></usr/share/texlive/texmf-dist/fonts/type1
/public/amsfonts/cm/cmr7.pfb></usr/share/texlive/texmf-dist/fonts/type1/public/
amsfonts/cm/cmsy10.pfb></usr/share/texlive/texmf-dist/fonts/type1/public/amsfon
ts/cm/cmsy5.pfb></usr/share/texlive/texmf-dist/fonts/type1/public/amsfonts/cm/c
msy7.pfb>
Output written on question_1_wrap.pdf (1 page, 95049 bytes).
PDF statistics:
 48 PDF objects out of 1000 (max. 8388607)
 34 compressed objects within 1 object stream
 0 named destinations out of 1000 (max. 500000)
 1 words of extra memory for PDF output out of 10000 (max. 10000000)

